0 info it worked if it ends with ok
1 verbose cli [ '/usr/bin/nodejs', '/usr/bin/npm', 'install', '-g', 'gulp-cli' ]
2 info using npm@1.4.21
3 info using node@v4.8.2
4 verbose cache add [ 'gulp-cli', null ]
5 verbose cache add name=undefined spec="gulp-cli" args=["gulp-cli",null]
6 verbose parsed url Url {
6 verbose parsed url   protocol: null,
6 verbose parsed url   slashes: null,
6 verbose parsed url   auth: null,
6 verbose parsed url   host: null,
6 verbose parsed url   port: null,
6 verbose parsed url   hostname: null,
6 verbose parsed url   hash: null,
6 verbose parsed url   search: null,
6 verbose parsed url   query: null,
6 verbose parsed url   pathname: 'gulp-cli',
6 verbose parsed url   path: 'gulp-cli',
6 verbose parsed url   href: 'gulp-cli' }
7 silly lockFile e23a8be8-gulp-cli gulp-cli
8 verbose lock gulp-cli /home/pi/.npm/e23a8be8-gulp-cli.lock
9 silly lockFile e23a8be8-gulp-cli gulp-cli
10 silly lockFile e23a8be8-gulp-cli gulp-cli
11 verbose addNamed [ 'gulp-cli', '' ]
12 verbose addNamed [ null, '*' ]
13 silly lockFile dd34a9c8-gulp-cli gulp-cli@
14 verbose lock gulp-cli@ /home/pi/.npm/dd34a9c8-gulp-cli.lock
15 silly addNameRange { name: 'gulp-cli', range: '*', hasData: false }
16 verbose request where is /gulp-cli
17 verbose request registry https://registry.npmjs.org/
18 verbose request id e19bc4263d67d7e9
19 verbose url raw /gulp-cli
20 verbose url resolving [ 'https://registry.npmjs.org/', './gulp-cli' ]
21 verbose url resolved https://registry.npmjs.org/gulp-cli
22 verbose request where is https://registry.npmjs.org/gulp-cli
23 info trying registry request attempt 1 at 16:18:24
24 http GET https://registry.npmjs.org/gulp-cli
25 http 200 https://registry.npmjs.org/gulp-cli
26 silly registry.get cb [ 200,
26 silly registry.get   { date: 'Fri, 21 Dec 2018 15:18:25 GMT',
26 silly registry.get     'content-type': 'application/json; charset=UTF-8',
26 silly registry.get     'transfer-encoding': 'chunked',
26 silly registry.get     connection: 'close',
26 silly registry.get     'set-cookie': [ '__cfduid=d5dfe1ab80916bce356e095e3d1a046c51545405505; expires=Sat, 21-Dec-19 15:18:25 GMT; path=/; domain=.registry.npmjs.org; HttpOnly' ],
26 silly registry.get     'cf-cache-status': 'HIT',
26 silly registry.get     'cache-control': 'max-age=300',
26 silly registry.get     'cf-ray': '48cb5236e8589774-FRA',
26 silly registry.get     etag: 'W/"98001ef04e6fe10680433268ea7e52d3"',
26 silly registry.get     'expect-ct': 'max-age=604800, report-uri="https://report-uri.cloudflare.com/cdn-cgi/beacon/expect-ct"',
26 silly registry.get     'last-modified': 'Wed, 25 Jul 2018 18:01:19 GMT',
26 silly registry.get     vary: 'accept-encoding, accept',
26 silly registry.get     server: 'cloudflare',
26 silly registry.get     'content-encoding': 'gzip' } ]
27 silly addNameRange number 2 { name: 'gulp-cli', range: '*', hasData: true }
28 silly addNameRange versions [ 'gulp-cli',
28 silly addNameRange   [ '0.1.0',
28 silly addNameRange     '0.1.3',
28 silly addNameRange     '0.1.4',
28 silly addNameRange     '0.1.5',
28 silly addNameRange     '0.2.0',
28 silly addNameRange     '0.3.0',
28 silly addNameRange     '1.0.0',
28 silly addNameRange     '1.1.0',
28 silly addNameRange     '1.1.1',
28 silly addNameRange     '1.2.0',
28 silly addNameRange     '1.2.1',
28 silly addNameRange     '1.2.2',
28 silly addNameRange     '1.3.0',
28 silly addNameRange     '1.4.0',
28 silly addNameRange     '2.0.0',
28 silly addNameRange     '2.0.1' ] ]
29 verbose addNamed [ 'gulp-cli', '2.0.1' ]
30 verbose addNamed [ '2.0.1', '2.0.1' ]
31 silly lockFile cbc6c193-gulp-cli-2-0-1 gulp-cli@2.0.1
32 verbose lock gulp-cli@2.0.1 /home/pi/.npm/cbc6c193-gulp-cli-2-0-1.lock
33 silly lockFile 262cb698--org-gulp-cli-gulp-cli-2-0-1-tgz https://registry.npmjs.org/gulp-cli/-/gulp-cli-2.0.1.tgz
34 verbose lock https://registry.npmjs.org/gulp-cli/-/gulp-cli-2.0.1.tgz /home/pi/.npm/262cb698--org-gulp-cli-gulp-cli-2-0-1-tgz.lock
35 verbose addRemoteTarball [ 'https://registry.npmjs.org/gulp-cli/-/gulp-cli-2.0.1.tgz',
35 verbose addRemoteTarball   '7847e220cb3662f2be8a6d572bf14e17be5a994b' ]
36 info retry fetch attempt 1 at 16:18:25
37 verbose fetch to= /tmp/npm-29286-JGyi8n-W/registry.npmjs.org/gulp-cli/-/gulp-cli-2.0.1.tgz
38 http GET https://registry.npmjs.org/gulp-cli/-/gulp-cli-2.0.1.tgz
39 http 200 https://registry.npmjs.org/gulp-cli/-/gulp-cli-2.0.1.tgz
40 silly lockFile 262cb698--org-gulp-cli-gulp-cli-2-0-1-tgz https://registry.npmjs.org/gulp-cli/-/gulp-cli-2.0.1.tgz
41 silly lockFile 262cb698--org-gulp-cli-gulp-cli-2-0-1-tgz https://registry.npmjs.org/gulp-cli/-/gulp-cli-2.0.1.tgz
42 silly lockFile cbc6c193-gulp-cli-2-0-1 gulp-cli@2.0.1
43 silly lockFile cbc6c193-gulp-cli-2-0-1 gulp-cli@2.0.1
44 silly lockFile dd34a9c8-gulp-cli gulp-cli@
45 silly lockFile dd34a9c8-gulp-cli gulp-cli@
46 silly resolved [ { name: 'gulp-cli',
46 silly resolved     version: '2.0.1',
46 silly resolved     description: 'Command line interface for gulp',
46 silly resolved     author:
46 silly resolved      { name: 'Gulp Team',
46 silly resolved        email: 'team@gulpjs.com',
46 silly resolved        url: 'http://gulpjs.com/' },
46 silly resolved     contributors: [],
46 silly resolved     homepage: 'http://gulpjs.com',
46 silly resolved     repository:
46 silly resolved      { type: 'git',
46 silly resolved        url: 'git+https://github.com/gulpjs/gulp-cli.git' },
46 silly resolved     license: 'MIT',
46 silly resolved     man: [ 'gulp.1' ],
46 silly resolved     engines: { node: '>= 0.10' },
46 silly resolved     main: 'index.js',
46 silly resolved     bin: { gulp: 'bin/gulp.js' },
46 silly resolved     files: [ 'index.js', 'lib', 'bin', 'completion', 'gulp.1' ],
46 silly resolved     scripts:
46 silly resolved      { lint: 'eslint . && jscs index.js bin/ lib/ test/',
46 silly resolved        prepublish: 'marked-man --name gulp docs/CLI.md > gulp.1',
46 silly resolved        pretest: 'npm run lint',
46 silly resolved        test: 'mocha --async-only --timeout 5000 test/lib test',
46 silly resolved        cover: 'nyc --reporter=lcov --reporter=text-summary npm test',
46 silly resolved        coveralls: 'nyc --reporter=text-lcov npm test | coveralls' },
46 silly resolved     dependencies:
46 silly resolved      { 'ansi-colors': '^1.0.1',
46 silly resolved        archy: '^1.0.0',
46 silly resolved        'array-sort': '^1.0.0',
46 silly resolved        'concat-stream': '^1.6.0',
46 silly resolved        'color-support': '^1.1.3',
46 silly resolved        'copy-props': '^2.0.1',
46 silly resolved        'fancy-log': '^1.3.2',
46 silly resolved        gulplog: '^1.0.0',
46 silly resolved        interpret: '^1.1.0',
46 silly resolved        isobject: '^3.0.1',
46 silly resolved        liftoff: '^2.5.0',
46 silly resolved        matchdep: '^2.0.0',
46 silly resolved        'mute-stdout': '^1.0.0',
46 silly resolved        'pretty-hrtime': '^1.0.0',
46 silly resolved        'replace-homedir': '^1.0.0',
46 silly resolved        'semver-greatest-satisfied-range': '^1.1.0',
46 silly resolved        v8flags: '^3.0.1',
46 silly resolved        yargs: '^7.1.0' },
46 silly resolved     devDependencies:
46 silly resolved      { 'babel-preset-es2015': '^6.5.0',
46 silly resolved        'babel-register': '^6.5.1',
46 silly resolved        coveralls: '^2.7.0',
46 silly resolved        eslint: '^1.7.3',
46 silly resolved        'eslint-config-gulp': '^2.0.0',
46 silly resolved        expect: '^1.20.2',
46 silly resolved        gulp: '^4.0.0',
46 silly resolved        'gulp-test-tools': '^0.6.1',
46 silly resolved        jscs: '^3.0.7',
46 silly resolved        'jscs-preset-gulp': '^1.0.0',
46 silly resolved        'marked-man': '^0.2.1',
46 silly resolved        mocha: '^3.2.0',
46 silly resolved        nyc: '^11.4.1',
46 silly resolved        rimraf: '^2.6.1' },
46 silly resolved     keywords: [ 'build', 'stream', 'system', 'make', 'tool', 'asset', 'pipeline' ],
46 silly resolved     gitHead: 'cd2e159911fb131feb606abf1fe1171f4aca882f',
46 silly resolved     bugs: { url: 'https://github.com/gulpjs/gulp-cli/issues' },
46 silly resolved     _id: 'gulp-cli@2.0.1',
46 silly resolved     _npmVersion: '5.6.0',
46 silly resolved     _nodeVersion: '8.9.4',
46 silly resolved     _npmUser: { name: 'phated', email: 'blaine.bublitz@gmail.com' },
46 silly resolved     dist:
46 silly resolved      { integrity: 'sha512-RxujJJdN8/O6IW2nPugl7YazhmrIEjmiVfPKrWt68r71UCaLKS71Hp0gpKT+F6qOUFtr7KqtifDKaAJPRVvMYQ==',
46 silly resolved        shasum: '7847e220cb3662f2be8a6d572bf14e17be5a994b',
46 silly resolved        tarball: 'https://registry.npmjs.org/gulp-cli/-/gulp-cli-2.0.1.tgz' },
46 silly resolved     maintainers: [ [Object], [Object] ],
46 silly resolved     _npmOperationalInternal:
46 silly resolved      { host: 's3://npm-registry-packages',
46 silly resolved        tmp: 'tmp/gulp-cli-2.0.1.tgz_1516660246563_0.18805583287030458' },
46 silly resolved     directories: {},
46 silly resolved     _shasum: '7847e220cb3662f2be8a6d572bf14e17be5a994b',
46 silly resolved     _from: 'gulp-cli@',
46 silly resolved     _resolved: 'https://registry.npmjs.org/gulp-cli/-/gulp-cli-2.0.1.tgz' } ]
47 info install gulp-cli@2.0.1 into /usr/local/lib
48 info installOne gulp-cli@2.0.1
49 verbose lib/node_modules/gulp-cli unbuild
50 verbose tar unpack /home/pi/.npm/gulp-cli/2.0.1/package.tgz
51 silly lockFile 61ed2849--local-lib-node-modules-gulp-cli tar:///usr/local/lib/node_modules/gulp-cli
52 verbose lock tar:///usr/local/lib/node_modules/gulp-cli /home/pi/.npm/61ed2849--local-lib-node-modules-gulp-cli.lock
53 silly lockFile 38e1d9bd-i-npm-gulp-cli-2-0-1-package-tgz tar:///home/pi/.npm/gulp-cli/2.0.1/package.tgz
54 verbose lock tar:///home/pi/.npm/gulp-cli/2.0.1/package.tgz /home/pi/.npm/38e1d9bd-i-npm-gulp-cli-2-0-1-package-tgz.lock
55 silly gunzTarPerm modes [ '755', '644' ]
56 error tar.unpack untar error /home/pi/.npm/gulp-cli/2.0.1/package.tgz
57 silly lockFile 61ed2849--local-lib-node-modules-gulp-cli tar:///usr/local/lib/node_modules/gulp-cli
58 silly lockFile 61ed2849--local-lib-node-modules-gulp-cli tar:///usr/local/lib/node_modules/gulp-cli
59 silly lockFile 38e1d9bd-i-npm-gulp-cli-2-0-1-package-tgz tar:///home/pi/.npm/gulp-cli/2.0.1/package.tgz
60 silly lockFile 38e1d9bd-i-npm-gulp-cli-2-0-1-package-tgz tar:///home/pi/.npm/gulp-cli/2.0.1/package.tgz
61 verbose lib/node_modules/gulp-cli unbuild
62 error Error: EACCES: permission denied, mkdir '/usr/local/lib/node_modules/gulp-cli'
62 error     at Error (native)
62 error  { [Error: EACCES: permission denied, mkdir '/usr/local/lib/node_modules/gulp-cli']
62 error   errno: -13,
62 error   code: 'EACCES',
62 error   syscall: 'mkdir',
62 error   path: '/usr/local/lib/node_modules/gulp-cli',
62 error   fstream_type: 'Directory',
62 error   fstream_path: '/usr/local/lib/node_modules/gulp-cli',
62 error   fstream_class: 'DirWriter',
62 error   fstream_stack:
62 error    [ '/usr/lib/nodejs/fstream/lib/dir-writer.js:35:25',
62 error      '/usr/lib/nodejs/mkdirp/index.js:46:53',
62 error      'FSReqWrap.oncomplete (fs.js:82:15)' ] }
63 error Please try running this command again as root/Administrator.
64 error System Linux 4.9.59-v7+
65 error command "/usr/bin/nodejs" "/usr/bin/npm" "install" "-g" "gulp-cli"
66 error cwd /opt/iobroker/node_modules/iobroker.vu
67 error node -v v4.8.2
68 error npm -v 1.4.21
69 error path /usr/local/lib/node_modules/gulp-cli
70 error syscall mkdir
71 error fstream_path /usr/local/lib/node_modules/gulp-cli
72 error fstream_type Directory
73 error fstream_class DirWriter
74 error code EACCES
75 error errno -13
76 error stack Error: EACCES: permission denied, mkdir '/usr/local/lib/node_modules/gulp-cli'
76 error stack     at Error (native)
77 error fstream_stack /usr/lib/nodejs/fstream/lib/dir-writer.js:35:25
77 error fstream_stack /usr/lib/nodejs/mkdirp/index.js:46:53
77 error fstream_stack FSReqWrap.oncomplete (fs.js:82:15)
78 verbose exit [ -13, true ]
